<?xml version="1.0" encoding="UTF-8"?>
<!-- Generated by org.testng.reporters.JUnitReportReporter -->
<testsuite hostname="DESKTOP-UGIALJB" failures="0" tests="1" name="cucumberOptions.TestNGTestRunner" time="17.791" errors="0" timestamp="2024-07-07T13:00:59 IST" skipped="0">
  <testcase classname="cucumberOptions.TestNGTestRunner" name="runScenario" time="17.791"/>
</testsuite> <!-- cucumberOptions.TestNGTestRunner -->
